<?xml version="1.0" encoding="UTF-8"?>
<testsuite name="br.com.fiap.SafeZone.SafeZoneApplicationTests" tests="1" skipped="0" failures="0" errors="0" timestamp="2025-06-09T00:05:41.581Z" hostname="DESKTOP-7P7O8R8" time="1.048">
  <properties/>
  <testcase name="contextLoads()" classname="br.com.fiap.SafeZone.SafeZoneApplicationTests" time="1.048"/>
  <system-out><![CDATA[21:05:35.257 [Test worker] INFO org.springframework.test.context.support.AnnotationConfigContextLoaderUtils -- Could not detect default configuration classes for test class [br.com.fiap.SafeZone.SafeZoneApplicationTests]: SafeZoneApplicationTests does not declare any static, non-private, non-final, nested classes annotated with @Configuration.
21:05:35.376 [Test worker] INFO org.springframework.boot.test.context.SpringBootTestContextBootstrapper -- Found @SpringBootConfiguration br.com.fiap.SafeZone.SafeZoneApplication for test class br.com.fiap.SafeZone.SafeZoneApplicationTests

  .   ____          _            __ _ _
 /\\ / ___'_ __ _ _(_)_ __  __ _ \ \ \ \
( ( )\___ | '_ | '_| | '_ \/ _` | \ \ \ \
 \\/  ___)| |_)| | | | | || (_| |  ) ) ) )
  '  |____| .__|_| |_|_| |_\__, | / / / /
 =========|_|==============|___/=/_/_/_/
 :: Spring Boot ::                (v3.2.5)

2025-06-08T21:05:35.812-03:00  INFO 18380 --- [SafeZone] [    Test worker] b.c.f.SafeZone.SafeZoneApplicationTests  : Starting SafeZoneApplicationTests using Java 21.0.4 with PID 18380 (started by Dudao in D:\FACULDADE-FIAP\Java\SafeZone)
2025-06-08T21:05:35.814-03:00  INFO 18380 --- [SafeZone] [    Test worker] b.c.f.SafeZone.SafeZoneApplicationTests  : No active profile set, falling back to 1 default profile: "default"
2025-06-08T21:05:37.168-03:00  INFO 18380 --- [SafeZone] [    Test worker] .s.d.r.c.RepositoryConfigurationDelegate : Bootstrapping Spring Data JPA repositories in DEFAULT mode.
2025-06-08T21:05:37.263-03:00  INFO 18380 --- [SafeZone] [    Test worker] .s.d.r.c.RepositoryConfigurationDelegate : Finished Spring Data repository scanning in 81 ms. Found 4 JPA repository interfaces.
2025-06-08T21:05:37.876-03:00  INFO 18380 --- [SafeZone] [    Test worker] o.hibernate.jpa.internal.util.LogHelper  : HHH000204: Processing PersistenceUnitInfo [name: default]
2025-06-08T21:05:37.947-03:00  INFO 18380 --- [SafeZone] [    Test worker] org.hibernate.Version                    : HHH000412: Hibernate ORM core version 6.4.4.Final
2025-06-08T21:05:37.991-03:00  INFO 18380 --- [SafeZone] [    Test worker] o.h.c.internal.RegionFactoryInitiator    : HHH000026: Second-level cache disabled
2025-06-08T21:05:38.256-03:00  INFO 18380 --- [SafeZone] [    Test worker] o.s.o.j.p.SpringPersistenceUnitInfo      : No LoadTimeWeaver setup: ignoring JPA class transformer
2025-06-08T21:05:38.288-03:00  INFO 18380 --- [SafeZone] [    Test worker] com.zaxxer.hikari.HikariDataSource       : HikariPool-1 - Starting...
2025-06-08T21:05:38.472-03:00  INFO 18380 --- [SafeZone] [    Test worker] com.zaxxer.hikari.pool.HikariPool        : HikariPool-1 - Added connection org.postgresql.jdbc.PgConnection@5833298c
2025-06-08T21:05:38.474-03:00  INFO 18380 --- [SafeZone] [    Test worker] com.zaxxer.hikari.HikariDataSource       : HikariPool-1 - Start completed.
2025-06-08T21:05:38.523-03:00  WARN 18380 --- [SafeZone] [    Test worker] org.hibernate.orm.deprecation            : HHH90000025: PostgreSQLDialect does not need to be specified explicitly using 'hibernate.dialect' (remove the property setting and it will be selected by default)
2025-06-08T21:05:39.747-03:00  INFO 18380 --- [SafeZone] [    Test worker] o.h.e.t.j.p.i.JtaPlatformInitiator       : HHH000489: No JTA platform available (set 'hibernate.transaction.jta.platform' to enable JTA platform integration)
2025-06-08T21:05:39.867-03:00  INFO 18380 --- [SafeZone] [    Test worker] j.LocalContainerEntityManagerFactoryBean : Initialized JPA EntityManagerFactory for persistence unit 'default'
2025-06-08T21:05:40.793-03:00  WARN 18380 --- [SafeZone] [    Test worker] JpaBaseConfiguration$JpaWebConfiguration : spring.jpa.open-in-view is enabled by default. Therefore, database queries may be performed during view rendering. Explicitly configure spring.jpa.open-in-view to disable this warning
2025-06-08T21:05:41.162-03:00  INFO 18380 --- [SafeZone] [    Test worker] o.s.s.web.DefaultSecurityFilterChain     : Will secure any request with [org.springframework.security.web.session.DisableEncodeUrlFilter@37cd87c8, org.springframework.security.web.context.request.async.WebAsyncManagerIntegrationFilter@c4b39551, org.springframework.security.web.context.SecurityContextHolderFilter@dd22e70d, org.springframework.security.web.header.HeaderWriterFilter@8d6b73cd, org.springframework.web.filter.CorsFilter@9728f45a, org.springframework.security.web.authentication.logout.LogoutFilter@6d3f2f99, br.com.fiap.SafeZone.security.SecurityFilter@a88b2df2, org.springframework.security.web.savedrequest.RequestCacheAwareFilter@95b4e014, org.springframework.security.web.servletapi.SecurityContextHolderAwareRequestFilter@2507e2c9, org.springframework.security.web.authentication.AnonymousAuthenticationFilter@9f576f46, org.springframework.security.web.session.SessionManagementFilter@ba617193, org.springframework.security.web.access.ExceptionTranslationFilter@e3bc7cf0, org.springframework.security.web.access.intercept.AuthorizationFilter@1352e46d]
2025-06-08T21:05:41.554-03:00  INFO 18380 --- [SafeZone] [    Test worker] b.c.f.SafeZone.SafeZoneApplicationTests  : Started SafeZoneApplicationTests in 6.015 seconds (process running for 7.658)
]]></system-out>
  <system-err><![CDATA[WARNING: A Java agent has been loaded dynamically (C:\Users\Dudao\.gradle\caches\modules-2\files-2.1\net.bytebuddy\byte-buddy-agent\1.14.13\979ce25f7d3096a2e82214ba7dc972a05ce7a171\byte-buddy-agent-1.14.13.jar)
WARNING: If a serviceability tool is in use, please run with -XX:+EnableDynamicAgentLoading to hide this warning
WARNING: If a serviceability tool is not in use, please run with -Djdk.instrument.traceUsage for more information
WARNING: Dynamic loading of agents will be disallowed by default in a future release
]]></system-err>
</testsuite>
